WARNING: A terminally deprecated method in sun.misc.Unsafe has been called
WARNING: sun.misc.Unsafe::staticFieldBase has been called by com.google.inject.internal.aop.HiddenClassDefiner (file:/opt/homebrew/Cellar/maven/3.9.11/libexec/lib/guice-5.1.0-classes.jar)
WARNING: Please consider reporting this to the maintainers of class com.google.inject.internal.aop.HiddenClassDefiner
WARNING: sun.misc.Unsafe::staticFieldBase will be removed in a future release
[INFO] Scanning for projects...
[INFO] 
[INFO] -----------------< com.certificate:validation-system >------------------
[INFO] Building certificate-validation-system 0.0.1-SNAPSHOT
[INFO]   from pom.xml
[INFO] --------------------------------[ jar ]---------------------------------
[INFO] 
[INFO] >>> spring-boot:3.2.0:run (default-cli) > test-compile @ validation-system >>>
[INFO] 
[INFO] --- resources:3.3.1:resources (default-resources) @ validation-system ---
[INFO] Copying 1 resource from src/main/resources to target/classes
[INFO] Copying 0 resource from src/main/resources to target/classes
[INFO] 
[INFO] --- compiler:3.11.0:compile (default-compile) @ validation-system ---
[INFO] Nothing to compile - all classes are up to date
[INFO] 
[INFO] --- resources:3.3.1:testResources (default-testResources) @ validation-system ---
[INFO] skip non existing resourceDirectory /Users/sridhar/Desktop/demoweb/backend/src/test/resources
[INFO] 
[INFO] --- compiler:3.11.0:testCompile (default-testCompile) @ validation-system ---
[INFO] No sources to compile
[INFO] 
[INFO] <<< spring-boot:3.2.0:run (default-cli) < test-compile @ validation-system <<<
[INFO] 
[INFO] 
[INFO] --- spring-boot:3.2.0:run (default-cli) @ validation-system ---
[INFO] Attaching agents: []

  .   ____          _            __ _ _
 /\\ / ___'_ __ _ _(_)_ __  __ _ \ \ \ \
( ( )\___ | '_ | '_| | '_ \/ _` | \ \ \ \
 \\/  ___)| |_)| | | | | || (_| |  ) ) ) )
  '  |____| .__|_| |_|_| |_\__, | / / / /
 =========|_|==============|___/=/_/_/_/
 :: Spring Boot ::                (v3.2.0)

2025-11-05T16:39:16.082+05:30  INFO 71803 --- [           main] v.CertificateValidationSystemApplication : Starting CertificateValidationSystemApplication using Java 25.0.1 with PID 71803 (/Users/sridhar/Desktop/demoweb/backend/target/classes started by sridhar in /Users/sridhar/Desktop/demoweb/backend)
2025-11-05T16:39:16.083+05:30 DEBUG 71803 --- [           main] v.CertificateValidationSystemApplication : Running with Spring Boot v3.2.0, Spring v6.1.1
2025-11-05T16:39:16.083+05:30  INFO 71803 --- [           main] v.CertificateValidationSystemApplication : No active profile set, falling back to 1 default profile: "default"
2025-11-05T16:39:16.243+05:30  INFO 71803 --- [           main] .s.d.r.c.RepositoryConfigurationDelegate : Bootstrapping Spring Data JPA repositories in DEFAULT mode.
2025-11-05T16:39:16.257+05:30  INFO 71803 --- [           main] .s.d.r.c.RepositoryConfigurationDelegate : Finished Spring Data repository scanning in 11 ms. Found 3 JPA repository interfaces.
2025-11-05T16:39:16.257+05:30  INFO 71803 --- [           main] .s.d.r.c.RepositoryConfigurationDelegate : Bootstrapping Spring Data JPA repositories in DEFAULT mode.
2025-11-05T16:39:16.257+05:30  INFO 71803 --- [           main] .s.d.r.c.RepositoryConfigurationDelegate : Finished Spring Data repository scanning in 0 ms. Found 0 JPA repository interfaces.
WARNING: A restricted method in java.lang.System has been called
WARNING: java.lang.System::load has been called by org.apache.tomcat.jni.Library in an unnamed module (file:/Users/sridhar/.m2/repository/org/apache/tomcat/embed/tomcat-embed-core/10.1.16/tomcat-embed-core-10.1.16.jar)
WARNING: Use --enable-native-access=ALL-UNNAMED to avoid a warning for callers in this module
WARNING: Restricted methods will be blocked in a future release unless native access is enabled

2025-11-05T16:39:16.490+05:30  INFO 71803 --- [           main] o.s.b.w.embedded.tomcat.TomcatWebServer  : Tomcat initialized with port 8081 (http)
2025-11-05T16:39:16.493+05:30  INFO 71803 --- [           main] o.apache.catalina.core.StandardService   : Starting service [Tomcat]
2025-11-05T16:39:16.493+05:30  INFO 71803 --- [           main] o.apache.catalina.core.StandardEngine    : Starting Servlet engine: [Apache Tomcat/10.1.16]
2025-11-05T16:39:16.514+05:30  INFO 71803 --- [           main] o.a.c.c.C.[Tomcat].[localhost].[/]       : Initializing Spring embedded WebApplicationContext
2025-11-05T16:39:16.515+05:30  INFO 71803 --- [           main] w.s.c.ServletWebServerApplicationContext : Root WebApplicationContext: initialization completed in 415 ms
2025-11-05T16:39:16.527+05:30  INFO 71803 --- [           main] com.zaxxer.hikari.HikariDataSource       : HikariPool-1 - Starting...
2025-11-05T16:39:16.612+05:30  INFO 71803 --- [           main] com.zaxxer.hikari.pool.HikariPool        : HikariPool-1 - Added connection conn0: url=jdbc:h2:file:./data/validationdb user=SA
2025-11-05T16:39:16.612+05:30  INFO 71803 --- [           main] com.zaxxer.hikari.HikariDataSource       : HikariPool-1 - Start completed.
2025-11-05T16:39:16.617+05:30  INFO 71803 --- [           main] com.zaxxer.hikari.HikariDataSource       : HikariPool-2 - Starting...
2025-11-05T16:39:16.618+05:30  INFO 71803 --- [           main] com.zaxxer.hikari.pool.HikariPool        : HikariPool-2 - Added connection conn1: url=jdbc:h2:mem:99de7ff2-3731-4cdb-a4c6-57c35b0f2247 user=SA
2025-11-05T16:39:16.618+05:30  INFO 71803 --- [           main] com.zaxxer.hikari.HikariDataSource       : HikariPool-2 - Start completed.
2025-11-05T16:39:16.618+05:30  INFO 71803 --- [           main] o.s.b.a.h2.H2ConsoleAutoConfiguration    : H2 console available at '/h2-console'. Databases available at 'jdbc:h2:file:./data/validationdb', 'jdbc:h2:mem:99de7ff2-3731-4cdb-a4c6-57c35b0f2247'
2025-11-05T16:39:16.649+05:30  INFO 71803 --- [           main] o.hibernate.jpa.internal.util.LogHelper  : HHH000204: Processing PersistenceUnitInfo [name: default]
2025-11-05T16:39:16.664+05:30  INFO 71803 --- [           main] org.hibernate.Version                    : HHH000412: Hibernate ORM core version 6.3.1.Final
2025-11-05T16:39:16.674+05:30  INFO 71803 --- [           main] o.h.c.internal.RegionFactoryInitiator    : HHH000026: Second-level cache disabled
2025-11-05T16:39:16.768+05:30  INFO 71803 --- [           main] o.s.o.j.p.SpringPersistenceUnitInfo      : No LoadTimeWeaver setup: ignoring JPA class transformer
2025-11-05T16:39:17.055+05:30  INFO 71803 --- [           main] o.h.e.t.j.p.i.JtaPlatformInitiator       : HHH000489: No JTA platform available (set 'hibernate.transaction.jta.platform' to enable JTA platform integration)
2025-11-05T16:39:17.091+05:30  INFO 71803 --- [           main] j.LocalContainerEntityManagerFactoryBean : Initialized JPA EntityManagerFactory for persistence unit 'default'
2025-11-05T16:39:17.094+05:30  INFO 71803 --- [           main] o.hibernate.jpa.internal.util.LogHelper  : HHH000204: Processing PersistenceUnitInfo [name: default]
2025-11-05T16:39:17.095+05:30  INFO 71803 --- [           main] o.h.c.internal.RegionFactoryInitiator    : HHH000026: Second-level cache disabled
2025-11-05T16:39:17.103+05:30  INFO 71803 --- [           main] o.s.o.j.p.SpringPersistenceUnitInfo      : No LoadTimeWeaver setup: ignoring JPA class transformer
2025-11-05T16:39:17.114+05:30  INFO 71803 --- [           main] o.h.e.t.j.p.i.JtaPlatformInitiator       : HHH000489: No JTA platform available (set 'hibernate.transaction.jta.platform' to enable JTA platform integration)
2025-11-05T16:39:17.117+05:30  INFO 71803 --- [           main] j.LocalContainerEntityManagerFactoryBean : Initialized JPA EntityManagerFactory for persistence unit 'default'
2025-11-05T16:39:17.225+05:30  INFO 71803 --- [           main] o.s.d.j.r.query.QueryEnhancerFactory     : Hibernate is in classpath; If applicable, HQL parser will be used.
2025-11-05T16:39:17.432+05:30  WARN 71803 --- [           main] .s.s.UserDetailsServiceAutoConfiguration : 

Using generated security password: 01805919-bc34-4b78-b856-3d832af880c9

This generated password is for development use only. Your security configuration must be updated before running your application in production.

2025-11-05T16:39:17.534+05:30  INFO 71803 --- [           main] o.s.s.web.DefaultSecurityFilterChain     : Will secure any request with [org.springframework.security.web.session.DisableEncodeUrlFilter@55732ae6, org.springframework.security.web.context.request.async.WebAsyncManagerIntegrationFilter@743167c7, org.springframework.security.web.context.SecurityContextHolderFilter@1285ec6, org.springframework.security.web.header.HeaderWriterFilter@18247d9b, org.springframework.security.web.authentication.logout.LogoutFilter@6285027a, org.springframework.security.web.savedrequest.RequestCacheAwareFilter@12fbc568, org.springframework.security.web.servletapi.SecurityContextHolderAwareRequestFilter@3dd2a70d, org.springframework.security.web.authentication.AnonymousAuthenticationFilter@6d5a4e59, org.springframework.security.web.session.SessionManagementFilter@7eeabaf3, org.springframework.security.web.access.ExceptionTranslationFilter@7310bc90, org.springframework.security.web.access.intercept.AuthorizationFilter@1606ecbb]
2025-11-05T16:39:17.602+05:30  INFO 71803 --- [           main] o.s.b.w.embedded.tomcat.TomcatWebServer  : Tomcat started on port 8081 (http) with context path ''
2025-11-05T16:39:17.606+05:30  INFO 71803 --- [           main] v.CertificateValidationSystemApplication : Started CertificateValidationSystemApplication in 1.642 seconds (process running for 1.762)
2025-11-05T16:39:53.697+05:30  INFO 71803 --- [nio-8081-exec-1] o.a.c.c.C.[Tomcat].[localhost].[/]       : Initializing Spring DispatcherServlet 'dispatcherServlet'
2025-11-05T16:39:53.698+05:30  INFO 71803 --- [nio-8081-exec-1] o.s.web.servlet.DispatcherServlet        : Initializing Servlet 'dispatcherServlet'
2025-11-05T16:39:53.698+05:30  INFO 71803 --- [nio-8081-exec-1] o.s.web.servlet.DispatcherServlet        : Completed initialization in 0 ms
2025-11-05T16:39:53.703+05:30  WARN 71803 --- [nio-8081-exec-1] o.s.w.s.h.HandlerMappingIntrospector     : Cache miss for REQUEST dispatch to '/api/users/1/photo' (previous null). Performing MatchableHandlerMapping lookup. This is logged once only at WARN level, and every time at TRACE.
uploadUserPhoto called: id=1, requesterId=1, photo=test-photo-decoded.png
2025-11-05T16:44:37.481+05:30  WARN 71803 --- [l-1 housekeeper] com.zaxxer.hikari.pool.HikariPool        : HikariPool-1 - Thread starvation or clock leap detected (housekeeper delta=4m20s758ms).
2025-11-05T16:44:37.487+05:30  WARN 71803 --- [l-2 housekeeper] com.zaxxer.hikari.pool.HikariPool        : HikariPool-2 - Thread starvation or clock leap detected (housekeeper delta=4m20s758ms).
2025-11-05T16:52:00.093+05:30  WARN 71803 --- [l-1 housekeeper] com.zaxxer.hikari.pool.HikariPool        : HikariPool-1 - Thread starvation or clock leap detected (housekeeper delta=7m22s613ms).
2025-11-05T16:52:00.096+05:30  WARN 71803 --- [l-2 housekeeper] com.zaxxer.hikari.pool.HikariPool        : HikariPool-2 - Thread starvation or clock leap detected (housekeeper delta=7m22s609ms).
2025-11-05T17:07:30.168+05:30  WARN 71803 --- [l-1 housekeeper] com.zaxxer.hikari.pool.HikariPool        : HikariPool-1 - Thread starvation or clock leap detected (housekeeper delta=15m30s75ms).
2025-11-05T17:07:30.168+05:30  WARN 71803 --- [l-2 housekeeper] com.zaxxer.hikari.pool.HikariPool        : HikariPool-2 - Thread starvation or clock leap detected (housekeeper delta=15m30s72ms).
2025-11-05T18:11:26.627+05:30  WARN 71803 --- [l-2 housekeeper] com.zaxxer.hikari.pool.HikariPool        : HikariPool-2 - Thread starvation or clock leap detected (housekeeper delta=1h3m56s459ms).
2025-11-05T18:11:26.627+05:30  WARN 71803 --- [l-1 housekeeper] com.zaxxer.hikari.pool.HikariPool        : HikariPool-1 - Thread starvation or clock leap detected (housekeeper delta=1h3m56s459ms).
2025-11-05T18:27:27.535+05:30  WARN 71803 --- [l-1 housekeeper] com.zaxxer.hikari.pool.HikariPool        : HikariPool-1 - Thread starvation or clock leap detected (housekeeper delta=15m30s903ms).
2025-11-05T18:27:27.537+05:30  WARN 71803 --- [l-2 housekeeper] com.zaxxer.hikari.pool.HikariPool        : HikariPool-2 - Thread starvation or clock leap detected (housekeeper delta=15m30s900ms).
2025-11-05T18:28:42.171+05:30  WARN 71803 --- [l-2 housekeeper] com.zaxxer.hikari.pool.HikariPool        : HikariPool-2 - Thread starvation or clock leap detected (housekeeper delta=1m14s634ms).
2025-11-05T18:28:42.171+05:30  WARN 71803 --- [l-1 housekeeper] com.zaxxer.hikari.pool.HikariPool        : HikariPool-1 - Thread starvation or clock leap detected (housekeeper delta=1m14s636ms).
uploadUserPhoto called: id=270, requesterId=270, photo=download.jpeg
2025-11-05T18:46:39.031+05:30  WARN 71803 --- [l-2 housekeeper] com.zaxxer.hikari.pool.HikariPool        : HikariPool-2 - Thread starvation or clock leap detected (housekeeper delta=5m23s332ms).
2025-11-05T18:46:39.039+05:30  WARN 71803 --- [l-1 housekeeper] com.zaxxer.hikari.pool.HikariPool        : HikariPool-1 - Thread starvation or clock leap detected (housekeeper delta=5m23s330ms).
2025-11-05T19:00:44.385+05:30  WARN 71803 --- [l-2 housekeeper] com.zaxxer.hikari.pool.HikariPool        : HikariPool-2 - Thread starvation or clock leap detected (housekeeper delta=14m5s353ms).
2025-11-05T19:00:44.389+05:30  WARN 71803 --- [l-1 housekeeper] com.zaxxer.hikari.pool.HikariPool        : HikariPool-1 - Thread starvation or clock leap detected (housekeeper delta=14m5s350ms).
2025-11-05T19:34:32.789+05:30  WARN 71803 --- [l-2 housekeeper] com.zaxxer.hikari.pool.HikariPool        : HikariPool-2 - Thread starvation or clock leap detected (housekeeper delta=33m48s405ms).
2025-11-05T19:34:32.789+05:30  WARN 71803 --- [l-1 housekeeper] com.zaxxer.hikari.pool.HikariPool        : HikariPool-1 - Thread starvation or clock leap detected (housekeeper delta=33m48s400ms).
2025-11-05T19:40:55.710+05:30  WARN 71803 --- [l-2 housekeeper] com.zaxxer.hikari.pool.HikariPool        : HikariPool-2 - Thread starvation or clock leap detected (housekeeper delta=5m52s910ms).
2025-11-05T19:40:55.710+05:30  WARN 71803 --- [l-1 housekeeper] com.zaxxer.hikari.pool.HikariPool        : HikariPool-1 - Thread starvation or clock leap detected (housekeeper delta=5m52s910ms).
2025-11-05T20:45:57.304+05:30  WARN 71803 --- [l-2 housekeeper] com.zaxxer.hikari.pool.HikariPool        : HikariPool-2 - Thread starvation or clock leap detected (housekeeper delta=15m31s204ms).
2025-11-05T20:45:57.327+05:30  WARN 71803 --- [l-1 housekeeper] com.zaxxer.hikari.pool.HikariPool        : HikariPool-1 - Thread starvation or clock leap detected (housekeeper delta=15m31s204ms).
2025-11-05T21:04:45.012+05:30  WARN 71803 --- [l-2 housekeeper] com.zaxxer.hikari.pool.HikariPool        : HikariPool-2 - Thread starvation or clock leap detected (housekeeper delta=18m47s709ms).
2025-11-05T21:04:45.043+05:30  WARN 71803 --- [l-1 housekeeper] com.zaxxer.hikari.pool.HikariPool        : HikariPool-1 - Thread starvation or clock leap detected (housekeeper delta=18m47s716ms).
2025-11-05T21:21:13.149+05:30  WARN 71803 --- [l-2 housekeeper] com.zaxxer.hikari.pool.HikariPool        : HikariPool-2 - Thread starvation or clock leap detected (housekeeper delta=16m28s137ms).
2025-11-05T21:21:13.175+05:30  WARN 71803 --- [l-1 housekeeper] com.zaxxer.hikari.pool.HikariPool        : HikariPool-1 - Thread starvation or clock leap detected (housekeeper delta=16m28s132ms).
2025-11-05T21:28:16.175+05:30  WARN 71803 --- [l-2 housekeeper] com.zaxxer.hikari.pool.HikariPool        : HikariPool-2 - Thread starvation or clock leap detected (housekeeper delta=7m3s26ms).
2025-11-05T21:28:16.201+05:30  WARN 71803 --- [l-1 housekeeper] com.zaxxer.hikari.pool.HikariPool        : HikariPool-1 - Thread starvation or clock leap detected (housekeeper delta=7m3s26ms).
2025-11-05T21:42:58.582+05:30  WARN 71803 --- [l-2 housekeeper] com.zaxxer.hikari.pool.HikariPool        : HikariPool-2 - Thread starvation or clock leap detected (housekeeper delta=14m42s406ms).
2025-11-05T21:42:58.615+05:30  WARN 71803 --- [l-1 housekeeper] com.zaxxer.hikari.pool.HikariPool        : HikariPool-1 - Thread starvation or clock leap detected (housekeeper delta=14m42s414ms).
2025-11-05T21:48:29.647+05:30  WARN 71803 --- [l-2 housekeeper] com.zaxxer.hikari.pool.HikariPool        : HikariPool-2 - Thread starvation or clock leap detected (housekeeper delta=5m31s66ms).
2025-11-05T21:48:29.681+05:30  WARN 71803 --- [l-1 housekeeper] com.zaxxer.hikari.pool.HikariPool        : HikariPool-1 - Thread starvation or clock leap detected (housekeeper delta=5m31s66ms).
2025-11-05T22:04:01.333+05:30  WARN 71803 --- [l-2 housekeeper] com.zaxxer.hikari.pool.HikariPool        : HikariPool-2 - Thread starvation or clock leap detected (housekeeper delta=15m31s686ms).
2025-11-05T22:04:01.371+05:30  WARN 71803 --- [l-1 housekeeper] com.zaxxer.hikari.pool.HikariPool        : HikariPool-1 - Thread starvation or clock leap detected (housekeeper delta=15m31s690ms).
2025-11-05T22:09:33.514+05:30  WARN 71803 --- [l-2 housekeeper] com.zaxxer.hikari.pool.HikariPool        : HikariPool-2 - Thread starvation or clock leap detected (housekeeper delta=5m32s181ms).
2025-11-05T22:09:33.552+05:30  WARN 71803 --- [l-1 housekeeper] com.zaxxer.hikari.pool.HikariPool        : HikariPool-1 - Thread starvation or clock leap detected (housekeeper delta=5m32s181ms).
2025-11-05T22:17:12.615+05:30  WARN 71803 --- [l-2 housekeeper] com.zaxxer.hikari.pool.HikariPool        : HikariPool-2 - Thread starvation or clock leap detected (housekeeper delta=7m39s100ms).
2025-11-05T22:17:12.648+05:30  WARN 71803 --- [l-1 housekeeper] com.zaxxer.hikari.pool.HikariPool        : HikariPool-1 - Thread starvation or clock leap detected (housekeeper delta=7m39s96ms).
2025-11-05T22:18:08.606+05:30  WARN 71803 --- [l-2 housekeeper] com.zaxxer.hikari.pool.HikariPool        : HikariPool-2 - Thread starvation or clock leap detected (housekeeper delta=55s992ms).
2025-11-05T22:18:08.634+05:30  WARN 71803 --- [l-1 housekeeper] com.zaxxer.hikari.pool.HikariPool        : HikariPool-1 - Thread starvation or clock leap detected (housekeeper delta=55s986ms).
2025-11-05T22:35:39.405+05:30  WARN 71803 --- [l-2 housekeeper] com.zaxxer.hikari.pool.HikariPool        : HikariPool-2 - Thread starvation or clock leap detected (housekeeper delta=17m30s799ms).
2025-11-05T22:35:39.432+05:30  WARN 71803 --- [l-1 housekeeper] com.zaxxer.hikari.pool.HikariPool        : HikariPool-1 - Thread starvation or clock leap detected (housekeeper delta=17m30s797ms).
2025-11-05T22:52:06.581+05:30  WARN 71803 --- [l-2 housekeeper] com.zaxxer.hikari.pool.HikariPool        : HikariPool-2 - Thread starvation or clock leap detected (housekeeper delta=16m27s176ms).
2025-11-05T22:52:06.603+05:30  WARN 71803 --- [l-1 housekeeper] com.zaxxer.hikari.pool.HikariPool        : HikariPool-1 - Thread starvation or clock leap detected (housekeeper delta=16m27s172ms).
2025-11-05T23:09:37.819+05:30  WARN 71803 --- [l-2 housekeeper] com.zaxxer.hikari.pool.HikariPool        : HikariPool-2 - Thread starvation or clock leap detected (housekeeper delta=17m31s238ms).
2025-11-05T23:09:37.837+05:30  WARN 71803 --- [l-1 housekeeper] com.zaxxer.hikari.pool.HikariPool        : HikariPool-1 - Thread starvation or clock leap detected (housekeeper delta=17m31s234ms).
2025-11-05T23:18:35.005+05:30  WARN 71803 --- [l-2 housekeeper] com.zaxxer.hikari.pool.HikariPool        : HikariPool-2 - Thread starvation or clock leap detected (housekeeper delta=8m57s186ms).
2025-11-05T23:18:35.022+05:30  WARN 71803 --- [l-1 housekeeper] com.zaxxer.hikari.pool.HikariPool        : HikariPool-1 - Thread starvation or clock leap detected (housekeeper delta=8m57s185ms).
2025-11-05T23:29:14.325+05:30  WARN 71803 --- [l-2 housekeeper] com.zaxxer.hikari.pool.HikariPool        : HikariPool-2 - Thread starvation or clock leap detected (housekeeper delta=10m39s320ms).
2025-11-05T23:29:14.344+05:30  WARN 71803 --- [l-1 housekeeper] com.zaxxer.hikari.pool.HikariPool        : HikariPool-1 - Thread starvation or clock leap detected (housekeeper delta=10m39s322ms).
2025-11-05T23:32:38.548+05:30  WARN 71803 --- [l-2 housekeeper] com.zaxxer.hikari.pool.HikariPool        : HikariPool-2 - Thread starvation or clock leap detected (housekeeper delta=2m54s216ms).
2025-11-05T23:32:38.571+05:30  WARN 71803 --- [l-1 housekeeper] com.zaxxer.hikari.pool.HikariPool        : HikariPool-1 - Thread starvation or clock leap detected (housekeeper delta=2m54s217ms).
2025-11-05T23:41:02.775+05:30  WARN 71803 --- [l-2 housekeeper] com.zaxxer.hikari.pool.HikariPool        : HikariPool-2 - Thread starvation or clock leap detected (housekeeper delta=8m24s226ms).
2025-11-05T23:41:02.797+05:30  WARN 71803 --- [l-1 housekeeper] com.zaxxer.hikari.pool.HikariPool        : HikariPool-1 - Thread starvation or clock leap detected (housekeeper delta=8m24s226ms).
2025-11-06T01:02:33.065+05:30  WARN 71803 --- [l-2 housekeeper] com.zaxxer.hikari.pool.HikariPool        : HikariPool-2 - Thread starvation or clock leap detected (housekeeper delta=1h21m30s291ms).
2025-11-06T01:02:33.086+05:30  WARN 71803 --- [l-1 housekeeper] com.zaxxer.hikari.pool.HikariPool        : HikariPool-1 - Thread starvation or clock leap detected (housekeeper delta=1h21m30s289ms).
2025-11-06T02:42:46.735+05:30  WARN 71803 --- [l-2 housekeeper] com.zaxxer.hikari.pool.HikariPool        : HikariPool-2 - Thread starvation or clock leap detected (housekeeper delta=1h40m13s670ms).
2025-11-06T02:42:46.755+05:30  WARN 71803 --- [l-1 housekeeper] com.zaxxer.hikari.pool.HikariPool        : HikariPool-1 - Thread starvation or clock leap detected (housekeeper delta=1h40m13s669ms).
2025-11-06T04:23:28.411+05:30  WARN 71803 --- [l-2 housekeeper] com.zaxxer.hikari.pool.HikariPool        : HikariPool-2 - Thread starvation or clock leap detected (housekeeper delta=1h40m41s675ms).
2025-11-06T04:23:28.428+05:30  WARN 71803 --- [l-1 housekeeper] com.zaxxer.hikari.pool.HikariPool        : HikariPool-1 - Thread starvation or clock leap detected (housekeeper delta=1h40m41s673ms).
2025-11-06T05:47:40.314+05:30  WARN 71803 --- [l-2 housekeeper] com.zaxxer.hikari.pool.HikariPool        : HikariPool-2 - Thread starvation or clock leap detected (housekeeper delta=1h24m11s904ms).
2025-11-06T05:47:40.325+05:30  WARN 71803 --- [l-1 housekeeper] com.zaxxer.hikari.pool.HikariPool        : HikariPool-1 - Thread starvation or clock leap detected (housekeeper delta=1h24m11s897ms).
2025-11-06T06:20:54.594+05:30  WARN 71803 --- [l-2 housekeeper] com.zaxxer.hikari.pool.HikariPool        : HikariPool-2 - Thread starvation or clock leap detected (housekeeper delta=33m14s280ms).
2025-11-06T06:20:54.607+05:30  WARN 71803 --- [l-1 housekeeper] com.zaxxer.hikari.pool.HikariPool        : HikariPool-1 - Thread starvation or clock leap detected (housekeeper delta=33m14s282ms).
2025-11-06T06:23:07.577+05:30  WARN 71803 --- [l-2 housekeeper] com.zaxxer.hikari.pool.HikariPool        : HikariPool-2 - Thread starvation or clock leap detected (housekeeper delta=2m12s983ms).
2025-11-06T06:23:07.585+05:30  WARN 71803 --- [l-1 housekeeper] com.zaxxer.hikari.pool.HikariPool        : HikariPool-1 - Thread starvation or clock leap detected (housekeeper delta=2m12s978ms).
2025-11-06T06:23:37.299+05:30  WARN 71803 --- [l-2 housekeeper] com.zaxxer.hikari.pool.HikariPool        : HikariPool-2 - Retrograde clock change detected (housekeeper delta=29s721ms), soft-evicting connections from pool.
2025-11-06T06:23:37.309+05:30  WARN 71803 --- [l-1 housekeeper] com.zaxxer.hikari.pool.HikariPool        : HikariPool-1 - Retrograde clock change detected (housekeeper delta=29s724ms), soft-evicting connections from pool.
2025-11-06T07:56:53.792+05:30  WARN 71803 --- [l-1 housekeeper] com.zaxxer.hikari.pool.HikariPool        : HikariPool-1 - Thread starvation or clock leap detected (housekeeper delta=9m15s98ms).
2025-11-06T07:56:53.812+05:30  WARN 71803 --- [l-2 housekeeper] com.zaxxer.hikari.pool.HikariPool        : HikariPool-2 - Thread starvation or clock leap detected (housekeeper delta=9m15s96ms).
2025-11-06T08:10:33.122+05:30  WARN 71803 --- [l-1 housekeeper] com.zaxxer.hikari.pool.HikariPool        : HikariPool-1 - Thread starvation or clock leap detected (housekeeper delta=9m39s299ms).
2025-11-06T08:10:33.139+05:30  WARN 71803 --- [l-2 housekeeper] com.zaxxer.hikari.pool.HikariPool        : HikariPool-2 - Thread starvation or clock leap detected (housekeeper delta=9m39s299ms).
2025-11-06T08:14:38.766+05:30  WARN 71803 --- [l-1 housekeeper] com.zaxxer.hikari.pool.HikariPool        : HikariPool-1 - Thread starvation or clock leap detected (housekeeper delta=4m5s644ms).
2025-11-06T08:14:38.779+05:30  WARN 71803 --- [l-2 housekeeper] com.zaxxer.hikari.pool.HikariPool        : HikariPool-2 - Thread starvation or clock leap detected (housekeeper delta=4m5s640ms).
2025-11-06T08:21:40.844+05:30  WARN 71803 --- [l-1 housekeeper] com.zaxxer.hikari.pool.HikariPool        : HikariPool-1 - Thread starvation or clock leap detected (housekeeper delta=6m32s67ms).
2025-11-06T08:21:40.854+05:30  WARN 71803 --- [l-2 housekeeper] com.zaxxer.hikari.pool.HikariPool        : HikariPool-2 - Thread starvation or clock leap detected (housekeeper delta=6m32s72ms).
2025-11-06T08:25:44.501+05:30  WARN 71803 --- [l-1 housekeeper] com.zaxxer.hikari.pool.HikariPool        : HikariPool-1 - Thread starvation or clock leap detected (housekeeper delta=4m3s657ms).
2025-11-06T08:25:44.519+05:30  WARN 71803 --- [l-2 housekeeper] com.zaxxer.hikari.pool.HikariPool        : HikariPool-2 - Thread starvation or clock leap detected (housekeeper delta=4m3s665ms).
2025-11-06T08:27:20.835+05:30  WARN 71803 --- [l-1 housekeeper] com.zaxxer.hikari.pool.HikariPool        : HikariPool-1 - Thread starvation or clock leap detected (housekeeper delta=54s895ms).
2025-11-06T08:27:20.856+05:30  WARN 71803 --- [l-2 housekeeper] com.zaxxer.hikari.pool.HikariPool        : HikariPool-2 - Thread starvation or clock leap detected (housekeeper delta=54s900ms).
2025-11-06T08:34:14.024+05:30  WARN 71803 --- [l-1 housekeeper] com.zaxxer.hikari.pool.HikariPool        : HikariPool-1 - Thread starvation or clock leap detected (housekeeper delta=6m53s190ms).
2025-11-06T08:34:14.045+05:30  WARN 71803 --- [l-2 housekeeper] com.zaxxer.hikari.pool.HikariPool        : HikariPool-2 - Thread starvation or clock leap detected (housekeeper delta=6m53s189ms).
2025-11-06T08:36:04.786+05:30  WARN 71803 --- [l-1 housekeeper] com.zaxxer.hikari.pool.HikariPool        : HikariPool-1 - Thread starvation or clock leap detected (housekeeper delta=1m20s755ms).
2025-11-06T08:36:04.817+05:30  WARN 71803 --- [l-2 housekeeper] com.zaxxer.hikari.pool.HikariPool        : HikariPool-2 - Thread starvation or clock leap detected (housekeeper delta=1m20s762ms).
2025-11-06T08:46:41.345+05:30  WARN 71803 --- [l-1 housekeeper] com.zaxxer.hikari.pool.HikariPool        : HikariPool-1 - Thread starvation or clock leap detected (housekeeper delta=10m36s559ms).
2025-11-06T08:46:41.371+05:30  WARN 71803 --- [l-2 housekeeper] com.zaxxer.hikari.pool.HikariPool        : HikariPool-2 - Thread starvation or clock leap detected (housekeeper delta=10m36s554ms).
2025-11-06T08:50:28.803+05:30  WARN 71803 --- [l-1 housekeeper] com.zaxxer.hikari.pool.HikariPool        : HikariPool-1 - Thread starvation or clock leap detected (housekeeper delta=3m17s448ms).
2025-11-06T08:50:28.820+05:30  WARN 71803 --- [l-2 housekeeper] com.zaxxer.hikari.pool.HikariPool        : HikariPool-2 - Thread starvation or clock leap detected (housekeeper delta=3m17s437ms).
2025-11-06T12:57:18.894+05:30  WARN 71803 --- [l-1 housekeeper] com.zaxxer.hikari.pool.HikariPool        : HikariPool-1 - Thread starvation or clock leap detected (housekeeper delta=3m47s752ms).
2025-11-06T12:57:18.950+05:30  WARN 71803 --- [l-2 housekeeper] com.zaxxer.hikari.pool.HikariPool        : HikariPool-2 - Thread starvation or clock leap detected (housekeeper delta=3m47s753ms).
2025-11-06T12:58:19.029+05:30  WARN 71803 --- [l-1 housekeeper] com.zaxxer.hikari.pool.HikariPool        : HikariPool-1 - Thread starvation or clock leap detected (housekeeper delta=1m135ms).
2025-11-06T12:58:19.083+05:30  WARN 71803 --- [l-2 housekeeper] com.zaxxer.hikari.pool.HikariPool        : HikariPool-2 - Thread starvation or clock leap detected (housekeeper delta=1m133ms).
2025-11-06T13:04:47.819+05:30  WARN 71803 --- [l-1 housekeeper] com.zaxxer.hikari.pool.HikariPool        : HikariPool-1 - Thread starvation or clock leap detected (housekeeper delta=5m58s780ms).
2025-11-06T13:04:47.869+05:30  WARN 71803 --- [l-2 housekeeper] com.zaxxer.hikari.pool.HikariPool        : HikariPool-2 - Thread starvation or clock leap detected (housekeeper delta=5m58s785ms).
2025-11-06T13:23:14.911+05:30  WARN 71803 --- [l-1 housekeeper] com.zaxxer.hikari.pool.HikariPool        : HikariPool-1 - Thread starvation or clock leap detected (housekeeper delta=18m27s92ms).
2025-11-06T13:23:14.960+05:30  WARN 71803 --- [l-2 housekeeper] com.zaxxer.hikari.pool.HikariPool        : HikariPool-2 - Thread starvation or clock leap detected (housekeeper delta=18m27s91ms).
2025-11-06T13:41:02.565+05:30  WARN 71803 --- [l-1 housekeeper] com.zaxxer.hikari.pool.HikariPool        : HikariPool-1 - Thread starvation or clock leap detected (housekeeper delta=17m47s654ms).
2025-11-06T13:41:02.611+05:30  WARN 71803 --- [l-2 housekeeper] com.zaxxer.hikari.pool.HikariPool        : HikariPool-2 - Thread starvation or clock leap detected (housekeeper delta=17m47s651ms).
2025-11-06T14:20:22.859+05:30  INFO 71803 --- [ionShutdownHook] j.LocalContainerEntityManagerFactoryBean : Closing JPA EntityManagerFactory for persistence unit 'default'
2025-11-06T14:20:22.872+05:30  INFO 71803 --- [ionShutdownHook] j.LocalContainerEntityManagerFactoryBean : Closing JPA EntityManagerFactory for persistence unit 'default'
2025-11-06T14:20:22.873+05:30  INFO 71803 --- [ionShutdownHook] com.zaxxer.hikari.HikariDataSource       : HikariPool-2 - Shutdown initiated...
2025-11-06T14:20:22.879+05:30  INFO 71803 --- [ionShutdownHook] com.zaxxer.hikari.HikariDataSource       : HikariPool-2 - Shutdown completed.
2025-11-06T14:20:22.880+05:30  INFO 71803 --- [ionShutdownHook] com.zaxxer.hikari.HikariDataSource       : HikariPool-1 - Shutdown initiated...
2025-11-06T14:20:22.881+05:30  INFO 71803 --- [ionShutdownHook] com.zaxxer.hikari.HikariDataSource       : HikariPool-1 - Shutdown completed.
